{"C:\\Users\\imachado\\Desktop\\Develop\\projects\\uolDesafio\\src\\components\\RepositoryList\\index.tsx": {"path":"C:\\Users\\imachado\\Desktop\\Develop\\projects\\uolDesafio\\src\\components\\RepositoryList\\index.tsx","statementMap":{"0":{"start":{"line":8,"column":23},"end":{"line":36,"column":1}},"1":{"start":{"line":9,"column":30},"end":{"line":9,"column":35}},"2":{"start":{"line":10,"column":22},"end":{"line":10,"column":34}},"3":{"start":{"line":11,"column":29},"end":{"line":11,"column":47}},"4":{"start":{"line":13,"column":2},"end":{"line":35,"column":4}},"5":{"start":{"line":19,"column":12},"end":{"line":28,"column":14}}},"fnMap":{"0":{"name":"(anonymous_0)","decl":{"start":{"line":8,"column":23},"end":{"line":8,"column":24}},"loc":{"start":{"line":8,"column":55},"end":{"line":36,"column":1}},"line":8},"1":{"name":"(anonymous_1)","decl":{"start":{"line":18,"column":20},"end":{"line":18,"column":21}},"loc":{"start":{"line":18,"column":44},"end":{"line":29,"column":11}},"line":18}},"branchMap":{"0":{"loc":{"start":{"line":16,"column":7},"end":{"line":33,"column":7}},"type":"cond-expr","locations":[{"start":{"line":17,"column":8},"end":{"line":30,"column":13}},{"start":{"line":32,"column":8},"end":{"line":32,"column":43}}],"line":16}},"s":{"0":0,"1":0,"2":0,"3":0,"4":0,"5":0},"f":{"0":0,"1":0},"b":{"0":[0,0]}}
,"C:\\Users\\imachado\\Desktop\\Develop\\projects\\uolDesafio\\src\\components\\SearchBar\\index.tsx": {"path":"C:\\Users\\imachado\\Desktop\\Develop\\projects\\uolDesafio\\src\\components\\SearchBar\\index.tsx","statementMap":{"0":{"start":{"line":10,"column":18},"end":{"line":43,"column":1}},"1":{"start":{"line":11,"column":24},"end":{"line":11,"column":29}},"2":{"start":{"line":12,"column":22},"end":{"line":12,"column":34}},"3":{"start":{"line":13,"column":24},"end":{"line":13,"column":42}},"4":{"start":{"line":14,"column":38},"end":{"line":14,"column":58}},"5":{"start":{"line":16,"column":22},"end":{"line":18,"column":3}},"6":{"start":{"line":17,"column":4},"end":{"line":17,"column":38}},"7":{"start":{"line":20,"column":23},"end":{"line":22,"column":3}},"8":{"start":{"line":21,"column":4},"end":{"line":21,"column":26}},"9":{"start":{"line":24,"column":2},"end":{"line":42,"column":4}}},"fnMap":{"0":{"name":"(anonymous_0)","decl":{"start":{"line":10,"column":18},"end":{"line":10,"column":19}},"loc":{"start":{"line":10,"column":45},"end":{"line":43,"column":1}},"line":10},"1":{"name":"(anonymous_1)","decl":{"start":{"line":16,"column":22},"end":{"line":16,"column":23}},"loc":{"start":{"line":16,"column":33},"end":{"line":18,"column":3}},"line":16},"2":{"name":"(anonymous_2)","decl":{"start":{"line":20,"column":23},"end":{"line":20,"column":24}},"loc":{"start":{"line":20,"column":29},"end":{"line":22,"column":3}},"line":20}},"branchMap":{},"s":{"0":1,"1":3,"2":3,"3":3,"4":3,"5":3,"6":1,"7":3,"8":1,"9":3},"f":{"0":3,"1":1,"2":1},"b":{},"_coverageSchema":"1a1c01bbd47fc00a2c39e90264f33305004495a9","hash":"efb930cb11d1c3555ef4b3b513bd8933eefb4c65"}
,"C:\\Users\\imachado\\Desktop\\Develop\\projects\\uolDesafio\\src\\components\\UserCard\\index.tsx": {"path":"C:\\Users\\imachado\\Desktop\\Develop\\projects\\uolDesafio\\src\\components\\UserCard\\index.tsx","statementMap":{"0":{"start":{"line":15,"column":17},"end":{"line":68,"column":1}},"1":{"start":{"line":16,"column":72},"end":{"line":16,"column":77}},"2":{"start":{"line":17,"column":22},"end":{"line":17,"column":34}},"3":{"start":{"line":18,"column":23},"end":{"line":18,"column":41}},"4":{"start":{"line":19,"column":36},"end":{"line":19,"column":56}},"5":{"start":{"line":21,"column":2},"end":{"line":67,"column":4}},"6":{"start":{"line":44,"column":27},"end":{"line":44,"column":68}},"7":{"start":{"line":51,"column":27},"end":{"line":51,"column":72}}},"fnMap":{"0":{"name":"(anonymous_0)","decl":{"start":{"line":15,"column":17},"end":{"line":15,"column":18}},"loc":{"start":{"line":15,"column":43},"end":{"line":68,"column":1}},"line":15},"1":{"name":"(anonymous_1)","decl":{"start":{"line":44,"column":21},"end":{"line":44,"column":22}},"loc":{"start":{"line":44,"column":27},"end":{"line":44,"column":68}},"line":44},"2":{"name":"(anonymous_2)","decl":{"start":{"line":51,"column":21},"end":{"line":51,"column":22}},"loc":{"start":{"line":51,"column":27},"end":{"line":51,"column":72}},"line":51}},"branchMap":{"0":{"loc":{"start":{"line":58,"column":9},"end":{"line":64,"column":9}},"type":"cond-expr","locations":[{"start":{"line":59,"column":10},"end":{"line":59,"column":40}},{"start":{"line":61,"column":10},"end":{"line":63,"column":11}}],"line":58},"1":{"loc":{"start":{"line":61,"column":10},"end":{"line":63,"column":11}},"type":"binary-expr","locations":[{"start":{"line":61,"column":10},"end":{"line":61,"column":22}},{"start":{"line":62,"column":12},"end":{"line":62,"column":72}}],"line":61}},"s":{"0":0,"1":0,"2":0,"3":0,"4":0,"5":0,"6":0,"7":0},"f":{"0":0,"1":0,"2":0},"b":{"0":[0,0],"1":[0,0]}}
,"C:\\Users\\imachado\\Desktop\\Develop\\projects\\uolDesafio\\src\\components\\UserNotFound\\index.tsx": {"path":"C:\\Users\\imachado\\Desktop\\Develop\\projects\\uolDesafio\\src\\components\\UserNotFound\\index.tsx","statementMap":{"0":{"start":{"line":6,"column":21},"end":{"line":14,"column":1}},"1":{"start":{"line":7,"column":22},"end":{"line":7,"column":34}},"2":{"start":{"line":8,"column":27},"end":{"line":8,"column":45}},"3":{"start":{"line":9,"column":2},"end":{"line":13,"column":4}}},"fnMap":{"0":{"name":"(anonymous_0)","decl":{"start":{"line":6,"column":21},"end":{"line":6,"column":22}},"loc":{"start":{"line":6,"column":27},"end":{"line":14,"column":1}},"line":6}},"branchMap":{},"s":{"0":0,"1":0,"2":0,"3":0},"f":{"0":0},"b":{}}
,"C:\\Users\\imachado\\Desktop\\Develop\\projects\\uolDesafio\\src\\core\\contexts\\GitHubContext\\index.tsx": {"path":"C:\\Users\\imachado\\Desktop\\Develop\\projects\\uolDesafio\\src\\core\\contexts\\GitHubContext\\index.tsx","statementMap":{"0":{"start":{"line":8,"column":22},"end":{"line":10,"column":1}},"1":{"start":{"line":13,"column":18},"end":{"line":13,"column":43}},"2":{"start":{"line":14,"column":2},"end":{"line":16,"column":3}},"3":{"start":{"line":15,"column":4},"end":{"line":15,"column":68}},"4":{"start":{"line":17,"column":2},"end":{"line":17,"column":17}},"5":{"start":{"line":20,"column":23},"end":{"line":52,"column":1}},"6":{"start":{"line":21,"column":23},"end":{"line":21,"column":28}},"7":{"start":{"line":22,"column":29},"end":{"line":22,"column":40}},"8":{"start":{"line":25,"column":4},"end":{"line":25,"column":32}},"9":{"start":{"line":29,"column":4},"end":{"line":29,"column":34}},"10":{"start":{"line":33,"column":4},"end":{"line":33,"column":29}},"11":{"start":{"line":36,"column":2},"end":{"line":51,"column":4}}},"fnMap":{"0":{"name":"useGitHubContext","decl":{"start":{"line":12,"column":9},"end":{"line":12,"column":25}},"loc":{"start":{"line":12,"column":52},"end":{"line":18,"column":1}},"line":12},"1":{"name":"(anonymous_1)","decl":{"start":{"line":20,"column":23},"end":{"line":20,"column":24}},"loc":{"start":{"line":20,"column":48},"end":{"line":52,"column":1}},"line":20},"2":{"name":"getUser","decl":{"start":{"line":24,"column":11},"end":{"line":24,"column":18}},"loc":{"start":{"line":24,"column":39},"end":{"line":26,"column":3}},"line":24},"3":{"name":"getRepositoriesList","decl":{"start":{"line":28,"column":11},"end":{"line":28,"column":30}},"loc":{"start":{"line":28,"column":33},"end":{"line":30,"column":3}},"line":28},"4":{"name":"getStarredList","decl":{"start":{"line":32,"column":11},"end":{"line":32,"column":25}},"loc":{"start":{"line":32,"column":28},"end":{"line":34,"column":3}},"line":32}},"branchMap":{"0":{"loc":{"start":{"line":14,"column":2},"end":{"line":16,"column":3}},"type":"if","locations":[{"start":{"line":14,"column":2},"end":{"line":16,"column":3}},{"start":{"line":14,"column":2},"end":{"line":16,"column":3}}],"line":14}},"s":{"0":0,"1":0,"2":0,"3":0,"4":0,"5":0,"6":0,"7":0,"8":0,"9":0,"10":0,"11":0},"f":{"0":0,"1":0,"2":0,"3":0,"4":0},"b":{"0":[0,0]}}
,"C:\\Users\\imachado\\Desktop\\Develop\\projects\\uolDesafio\\src\\core\\hooks\\useGitHub\\index.tsx": {"path":"C:\\Users\\imachado\\Desktop\\Develop\\projects\\uolDesafio\\src\\core\\hooks\\useGitHub\\index.tsx","statementMap":{"0":{"start":{"line":6,"column":26},"end":{"line":6,"column":53}},"1":{"start":{"line":7,"column":42},"end":{"line":7,"column":77}},"2":{"start":{"line":8,"column":48},"end":{"line":8,"column":72}},"3":{"start":{"line":9,"column":36},"end":{"line":9,"column":60}},"4":{"start":{"line":10,"column":48},"end":{"line":10,"column":72}},"5":{"start":{"line":13,"column":4},"end":{"line":13,"column":30}},"6":{"start":{"line":14,"column":4},"end":{"line":14,"column":24}},"7":{"start":{"line":15,"column":4},"end":{"line":15,"column":30}},"8":{"start":{"line":16,"column":4},"end":{"line":16,"column":26}},"9":{"start":{"line":17,"column":4},"end":{"line":17,"column":18}},"10":{"start":{"line":21,"column":4},"end":{"line":21,"column":12}},"11":{"start":{"line":22,"column":4},"end":{"line":22,"column":29}},"12":{"start":{"line":23,"column":4},"end":{"line":32,"column":5}},"13":{"start":{"line":24,"column":18},"end":{"line":26,"column":7}},"14":{"start":{"line":27,"column":6},"end":{"line":27,"column":24}},"15":{"start":{"line":29,"column":6},"end":{"line":29,"column":31}},"16":{"start":{"line":31,"column":6},"end":{"line":31,"column":32}},"17":{"start":{"line":36,"column":4},"end":{"line":36,"column":26}},"18":{"start":{"line":37,"column":4},"end":{"line":37,"column":23}},"19":{"start":{"line":38,"column":4},"end":{"line":47,"column":5}},"20":{"start":{"line":39,"column":6},"end":{"line":46,"column":7}},"21":{"start":{"line":40,"column":20},"end":{"line":42,"column":9}},"22":{"start":{"line":43,"column":8},"end":{"line":43,"column":34}},"23":{"start":{"line":45,"column":8},"end":{"line":45,"column":28}},"24":{"start":{"line":51,"column":4},"end":{"line":51,"column":26}},"25":{"start":{"line":52,"column":4},"end":{"line":52,"column":23}},"26":{"start":{"line":53,"column":4},"end":{"line":62,"column":5}},"27":{"start":{"line":54,"column":6},"end":{"line":61,"column":7}},"28":{"start":{"line":55,"column":20},"end":{"line":57,"column":9}},"29":{"start":{"line":58,"column":8},"end":{"line":58,"column":34}},"30":{"start":{"line":60,"column":8},"end":{"line":60,"column":28}},"31":{"start":{"line":65,"column":2},"end":{"line":79,"column":4}}},"fnMap":{"0":{"name":"useGitHub","decl":{"start":{"line":5,"column":24},"end":{"line":5,"column":33}},"loc":{"start":{"line":5,"column":36},"end":{"line":80,"column":1}},"line":5},"1":{"name":"clean","decl":{"start":{"line":12,"column":11},"end":{"line":12,"column":16}},"loc":{"start":{"line":12,"column":25},"end":{"line":18,"column":3}},"line":12},"2":{"name":"getUser","decl":{"start":{"line":20,"column":17},"end":{"line":20,"column":24}},"loc":{"start":{"line":20,"column":60},"end":{"line":33,"column":3}},"line":20},"3":{"name":"getRepositoriesList","decl":{"start":{"line":35,"column":17},"end":{"line":35,"column":36}},"loc":{"start":{"line":35,"column":54},"end":{"line":48,"column":3}},"line":35},"4":{"name":"getStarredList","decl":{"start":{"line":50,"column":17},"end":{"line":50,"column":31}},"loc":{"start":{"line":50,"column":49},"end":{"line":63,"column":3}},"line":50}},"branchMap":{"0":{"loc":{"start":{"line":38,"column":4},"end":{"line":47,"column":5}},"type":"if","locations":[{"start":{"line":38,"column":4},"end":{"line":47,"column":5}},{"start":{"line":38,"column":4},"end":{"line":47,"column":5}}],"line":38},"1":{"loc":{"start":{"line":53,"column":4},"end":{"line":62,"column":5}},"type":"if","locations":[{"start":{"line":53,"column":4},"end":{"line":62,"column":5}},{"start":{"line":53,"column":4},"end":{"line":62,"column":5}}],"line":53}},"s":{"0":0,"1":0,"2":0,"3":0,"4":0,"5":0,"6":0,"7":0,"8":0,"9":0,"10":0,"11":0,"12":0,"13":0,"14":0,"15":0,"16":0,"17":0,"18":0,"19":0,"20":0,"21":0,"22":0,"23":0,"24":0,"25":0,"26":0,"27":0,"28":0,"29":0,"30":0,"31":0},"f":{"0":0,"1":0,"2":0,"3":0,"4":0},"b":{"0":[0,0],"1":[0,0]}}
,"C:\\Users\\imachado\\Desktop\\Develop\\projects\\uolDesafio\\src\\core\\hooks\\useStrings\\index.tsx": {"path":"C:\\Users\\imachado\\Desktop\\Develop\\projects\\uolDesafio\\src\\core\\hooks\\useStrings\\index.tsx","statementMap":{"0":{"start":{"line":7,"column":34},"end":{"line":9,"column":3}},"1":{"start":{"line":11,"column":55},"end":{"line":52,"column":3}},"2":{"start":{"line":54,"column":2},"end":{"line":58,"column":4}}},"fnMap":{"0":{"name":"useStrings","decl":{"start":{"line":6,"column":24},"end":{"line":6,"column":34}},"loc":{"start":{"line":6,"column":63},"end":{"line":59,"column":1}},"line":6}},"branchMap":{"0":{"loc":{"start":{"line":8,"column":4},"end":{"line":8,"column":36}},"type":"binary-expr","locations":[{"start":{"line":8,"column":4},"end":{"line":8,"column":19}},{"start":{"line":8,"column":23},"end":{"line":8,"column":36}}],"line":8}},"s":{"0":3,"1":3,"2":3},"f":{"0":3},"b":{"0":[3,3]},"_coverageSchema":"1a1c01bbd47fc00a2c39e90264f33305004495a9","hash":"2a8adb4924d74dbb65b52aaaf3239b3cfdc9f707"}
,"C:\\Users\\imachado\\Desktop\\Develop\\projects\\uolDesafio\\src\\pages\\_app.tsx": {"path":"C:\\Users\\imachado\\Desktop\\Develop\\projects\\uolDesafio\\src\\pages\\_app.tsx","statementMap":{"0":{"start":{"line":9,"column":37},"end":{"line":9,"column":47}},"1":{"start":{"line":10,"column":4},"end":{"line":19,"column":6}}},"fnMap":{"0":{"name":"(anonymous_0)","decl":{"start":{"line":8,"column":2},"end":{"line":8,"column":3}},"loc":{"start":{"line":8,"column":11},"end":{"line":20,"column":3}},"line":8}},"branchMap":{},"s":{"0":0,"1":0},"f":{"0":0},"b":{}}
,"C:\\Users\\imachado\\Desktop\\Develop\\projects\\uolDesafio\\src\\pages\\_document.tsx": {"path":"C:\\Users\\imachado\\Desktop\\Develop\\projects\\uolDesafio\\src\\pages\\_document.tsx","statementMap":{"0":{"start":{"line":5,"column":4},"end":{"line":15,"column":6}}},"fnMap":{"0":{"name":"(anonymous_0)","decl":{"start":{"line":4,"column":2},"end":{"line":4,"column":3}},"loc":{"start":{"line":4,"column":11},"end":{"line":16,"column":3}},"line":4}},"branchMap":{},"s":{"0":0},"f":{"0":0},"b":{}}
,"C:\\Users\\imachado\\Desktop\\Develop\\projects\\uolDesafio\\src\\pages\\index.tsx": {"path":"C:\\Users\\imachado\\Desktop\\Develop\\projects\\uolDesafio\\src\\pages\\index.tsx","statementMap":{},"fnMap":{},"branchMap":{},"s":{},"f":{},"b":{}}
,"C:\\Users\\imachado\\Desktop\\Develop\\projects\\uolDesafio\\src\\pages\\Home\\index.tsx": {"path":"C:\\Users\\imachado\\Desktop\\Develop\\projects\\uolDesafio\\src\\pages\\Home\\index.tsx","statementMap":{"0":{"start":{"line":13,"column":13},"end":{"line":45,"column":1}},"1":{"start":{"line":23,"column":6},"end":{"line":23,"column":24}},"2":{"start":{"line":26,"column":4},"end":{"line":26,"column":22}},"3":{"start":{"line":29,"column":2},"end":{"line":44,"column":4}}},"fnMap":{"0":{"name":"(anonymous_0)","decl":{"start":{"line":13,"column":13},"end":{"line":13,"column":14}},"loc":{"start":{"line":13,"column":19},"end":{"line":45,"column":1}},"line":13},"1":{"name":"search","decl":{"start":{"line":25,"column":11},"end":{"line":25,"column":17}},"loc":{"start":{"line":25,"column":36},"end":{"line":27,"column":3}},"line":25}},"branchMap":{"0":{"loc":{"start":{"line":32,"column":7},"end":{"line":32,"column":56}},"type":"binary-expr","locations":[{"start":{"line":32,"column":7},"end":{"line":32,"column":22}},{"start":{"line":32,"column":26},"end":{"line":32,"column":56}}],"line":32},"1":{"loc":{"start":{"line":33,"column":7},"end":{"line":41,"column":7}},"type":"binary-expr","locations":[{"start":{"line":33,"column":7},"end":{"line":33,"column":11}},{"start":{"line":34,"column":8},"end":{"line":40,"column":10}}],"line":33},"2":{"loc":{"start":{"line":42,"column":7},"end":{"line":42,"column":42}},"type":"binary-expr","locations":[{"start":{"line":42,"column":7},"end":{"line":42,"column":22}},{"start":{"line":42,"column":26},"end":{"line":42,"column":42}}],"line":42}},"s":{"0":0,"1":0,"2":0,"3":0},"f":{"0":0,"1":0},"b":{"0":[0,0],"1":[0,0],"2":[0,0]}}
}
