TN:
SF:src\components\RepositoryList\index.tsx
FN:8,(anonymous_0)
FN:18,(anonymous_1)
FNF:2
FNH:0
FNDA:0,(anonymous_0)
FNDA:0,(anonymous_1)
DA:8,0
DA:9,0
DA:10,0
DA:11,0
DA:13,0
DA:19,0
LF:6
LH:0
BRDA:16,0,0,0
BRDA:16,0,1,0
BRF:2
BRH:0
end_of_record
TN:
SF:src\components\SearchBar\index.tsx
FN:10,(anonymous_0)
FN:16,(anonymous_1)
FN:20,(anonymous_2)
FNF:3
FNH:3
FNDA:3,(anonymous_0)
FNDA:1,(anonymous_1)
FNDA:1,(anonymous_2)
DA:10,1
DA:11,3
DA:12,3
DA:13,3
DA:14,3
DA:16,3
DA:17,1
DA:20,3
DA:21,1
DA:24,3
LF:10
LH:10
BRF:0
BRH:0
end_of_record
TN:
SF:src\components\UserCard\index.tsx
FN:15,(anonymous_0)
FN:44,(anonymous_1)
FN:51,(anonymous_2)
FNF:3
FNH:0
FNDA:0,(anonymous_0)
FNDA:0,(anonymous_1)
FNDA:0,(anonymous_2)
DA:15,0
DA:16,0
DA:17,0
DA:18,0
DA:19,0
DA:21,0
DA:44,0
DA:51,0
LF:8
LH:0
BRDA:58,0,0,0
BRDA:58,0,1,0
BRDA:61,1,0,0
BRDA:61,1,1,0
BRF:4
BRH:0
end_of_record
TN:
SF:src\components\UserNotFound\index.tsx
FN:6,(anonymous_0)
FNF:1
FNH:0
FNDA:0,(anonymous_0)
DA:6,0
DA:7,0
DA:8,0
DA:9,0
LF:4
LH:0
BRF:0
BRH:0
end_of_record
TN:
SF:src\core\contexts\GitHubContext\index.tsx
FN:12,useGitHubContext
FN:20,(anonymous_1)
FN:24,getUser
FN:28,getRepositoriesList
FN:32,getStarredList
FNF:5
FNH:0
FNDA:0,useGitHubContext
FNDA:0,(anonymous_1)
FNDA:0,getUser
FNDA:0,getRepositoriesList
FNDA:0,getStarredList
DA:8,0
DA:13,0
DA:14,0
DA:15,0
DA:17,0
DA:20,0
DA:21,0
DA:22,0
DA:25,0
DA:29,0
DA:33,0
DA:36,0
LF:12
LH:0
BRDA:14,0,0,0
BRDA:14,0,1,0
BRF:2
BRH:0
end_of_record
TN:
SF:src\core\hooks\useGitHub\index.tsx
FN:5,useGitHub
FN:12,clean
FN:20,getUser
FN:35,getRepositoriesList
FN:50,getStarredList
FNF:5
FNH:0
FNDA:0,useGitHub
FNDA:0,clean
FNDA:0,getUser
FNDA:0,getRepositoriesList
FNDA:0,getStarredList
DA:6,0
DA:7,0
DA:8,0
DA:9,0
DA:10,0
DA:13,0
DA:14,0
DA:15,0
DA:16,0
DA:17,0
DA:21,0
DA:22,0
DA:23,0
DA:24,0
DA:27,0
DA:29,0
DA:31,0
DA:36,0
DA:37,0
DA:38,0
DA:39,0
DA:40,0
DA:43,0
DA:45,0
DA:51,0
DA:52,0
DA:53,0
DA:54,0
DA:55,0
DA:58,0
DA:60,0
DA:65,0
LF:32
LH:0
BRDA:38,0,0,0
BRDA:38,0,1,0
BRDA:53,1,0,0
BRDA:53,1,1,0
BRF:4
BRH:0
end_of_record
TN:
SF:src\core\hooks\useStrings\index.tsx
FN:6,useStrings
FNF:1
FNH:1
FNDA:3,useStrings
DA:7,3
DA:11,3
DA:54,3
LF:3
LH:3
BRDA:8,0,0,3
BRDA:8,0,1,3
BRF:2
BRH:2
end_of_record
TN:
SF:src\pages\_app.tsx
FN:8,(anonymous_0)
FNF:1
FNH:0
FNDA:0,(anonymous_0)
DA:9,0
DA:10,0
LF:2
LH:0
BRF:0
BRH:0
end_of_record
TN:
SF:src\pages\_document.tsx
FN:4,(anonymous_0)
FNF:1
FNH:0
FNDA:0,(anonymous_0)
DA:5,0
LF:1
LH:0
BRF:0
BRH:0
end_of_record
TN:
SF:src\pages\index.tsx
FNF:0
FNH:0
LF:0
LH:0
BRF:0
BRH:0
end_of_record
TN:
SF:src\pages\Home\index.tsx
FN:13,(anonymous_0)
FN:25,search
FNF:2
FNH:0
FNDA:0,(anonymous_0)
FNDA:0,search
DA:13,0
DA:23,0
DA:26,0
DA:29,0
LF:4
LH:0
BRDA:32,0,0,0
BRDA:32,0,1,0
BRDA:33,1,0,0
BRDA:33,1,1,0
BRDA:42,2,0,0
BRDA:42,2,1,0
BRF:6
BRH:0
end_of_record
